<?xml version="1.0" encoding="UTF-8"?>
<testsuite xmlns:xsi="http://www.w3.org/2001/XMLSchema-instance" xsi:noNamespaceSchemaLocation="https://maven.apache.org/surefire/maven-surefire-plugin/xsd/surefire-test-report.xsd" name="guru.springframework.sfgpetclinic.controllers.IndexControllerTest" time="0.127" tests="11" errors="0" skipped="5" failures="0">
  <properties>
    <property name="sun.desktop" value="windows"/>
    <property name="awt.toolkit" value="sun.awt.windows.WToolkit"/>
    <property name="java.specification.version" value="11"/>
    <property name="sun.cpu.isalist" value="amd64"/>
    <property name="sun.jnu.encoding" value="Cp1256"/>
    <property name="java.class.path" value="C:\Users\mehra\IdeaProjects\guru_test_udemy_4\target\test-classes;C:\Users\mehra\IdeaProjects\guru_test_udemy_4\target\classes;C:\Users\mehra\.m2\repository\javax\validation\validation-api\2.0.1.Final\validation-api-2.0.1.Final.jar;C:\Users\mehra\.m2\repository\org\apache\commons\commons-lang3\3.8.1\commons-lang3-3.8.1.jar;C:\Users\mehra\.m2\repository\org\junit\jupiter\junit-jupiter-api\5.3.1\junit-jupiter-api-5.3.1.jar;C:\Users\mehra\.m2\repository\org\apiguardian\apiguardian-api\1.0.0\apiguardian-api-1.0.0.jar;C:\Users\mehra\.m2\repository\org\opentest4j\opentest4j\1.1.1\opentest4j-1.1.1.jar;C:\Users\mehra\.m2\repository\org\junit\platform\junit-platform-commons\1.3.1\junit-platform-commons-1.3.1.jar;C:\Users\mehra\.m2\repository\org\junit\jupiter\junit-jupiter-params\5.3.1\junit-jupiter-params-5.3.1.jar;C:\Users\mehra\.m2\repository\org\junit\jupiter\junit-jupiter-engine\5.3.1\junit-jupiter-engine-5.3.1.jar;C:\Users\mehra\.m2\repository\org\junit\platform\junit-platform-engine\1.3.1\junit-platform-engine-1.3.1.jar;C:\Users\mehra\.m2\repository\org\assertj\assertj-core\3.11.1\assertj-core-3.11.1.jar;C:\Users\mehra\.m2\repository\org\hamcrest\hamcrest-library\1.3\hamcrest-library-1.3.jar;C:\Users\mehra\.m2\repository\org\hamcrest\hamcrest-core\1.3\hamcrest-core-1.3.jar;"/>
    <property name="java.vm.vendor" value="Oracle Corporation"/>
    <property name="sun.arch.data.model" value="64"/>
    <property name="user.variant" value=""/>
    <property name="java.vendor.url" value="https://openjdk.java.net/"/>
    <property name="user.timezone" value="Asia/Tehran"/>
    <property name="java.vm.specification.version" value="11"/>
    <property name="os.name" value="Windows 10"/>
    <property name="sun.java.launcher" value="SUN_STANDARD"/>
    <property name="user.country" value="US"/>
    <property name="sun.boot.library.path" value="C:\Program Files\Java\jdk-11.0.16\bin"/>
    <property name="sun.java.command" value="C:\Users\mehra\AppData\Local\Temp\surefire7090720491530015405\surefirebooter2145382305472757330.jar C:\Users\mehra\AppData\Local\Temp\surefire7090720491530015405 2022-10-11T21-43-04_948-jvmRun1 surefire11312317811527370004tmp surefire_02516848914690147571tmp"/>
    <property name="jdk.debug" value="release"/>
    <property name="surefire.test.class.path" value="C:\Users\mehra\IdeaProjects\guru_test_udemy_4\target\test-classes;C:\Users\mehra\IdeaProjects\guru_test_udemy_4\target\classes;C:\Users\mehra\.m2\repository\javax\validation\validation-api\2.0.1.Final\validation-api-2.0.1.Final.jar;C:\Users\mehra\.m2\repository\org\apache\commons\commons-lang3\3.8.1\commons-lang3-3.8.1.jar;C:\Users\mehra\.m2\repository\org\junit\jupiter\junit-jupiter-api\5.3.1\junit-jupiter-api-5.3.1.jar;C:\Users\mehra\.m2\repository\org\apiguardian\apiguardian-api\1.0.0\apiguardian-api-1.0.0.jar;C:\Users\mehra\.m2\repository\org\opentest4j\opentest4j\1.1.1\opentest4j-1.1.1.jar;C:\Users\mehra\.m2\repository\org\junit\platform\junit-platform-commons\1.3.1\junit-platform-commons-1.3.1.jar;C:\Users\mehra\.m2\repository\org\junit\jupiter\junit-jupiter-params\5.3.1\junit-jupiter-params-5.3.1.jar;C:\Users\mehra\.m2\repository\org\junit\jupiter\junit-jupiter-engine\5.3.1\junit-jupiter-engine-5.3.1.jar;C:\Users\mehra\.m2\repository\org\junit\platform\junit-platform-engine\1.3.1\junit-platform-engine-1.3.1.jar;C:\Users\mehra\.m2\repository\org\assertj\assertj-core\3.11.1\assertj-core-3.11.1.jar;C:\Users\mehra\.m2\repository\org\hamcrest\hamcrest-library\1.3\hamcrest-library-1.3.jar;C:\Users\mehra\.m2\repository\org\hamcrest\hamcrest-core\1.3\hamcrest-core-1.3.jar;"/>
    <property name="sun.cpu.endian" value="little"/>
    <property name="user.home" value="C:\Users\mehra"/>
    <property name="user.language" value="en"/>
    <property name="java.specification.vendor" value="Oracle Corporation"/>
    <property name="java.version.date" value="2022-07-19"/>
    <property name="java.home" value="C:\Program Files\Java\jdk-11.0.16"/>
    <property name="file.separator" value="\"/>
    <property name="basedir" value="C:\Users\mehra\IdeaProjects\guru_test_udemy_4"/>
    <property name="java.vm.compressedOopsMode" value="32-bit"/>
    <property name="line.separator" value="&#10;"/>
    <property name="java.specification.name" value="Java Platform API Specification"/>
    <property name="java.vm.specification.vendor" value="Oracle Corporation"/>
    <property name="java.awt.graphicsenv" value="sun.awt.Win32GraphicsEnvironment"/>
    <property name="surefire.real.class.path" value="C:\Users\mehra\AppData\Local\Temp\surefire7090720491530015405\surefirebooter2145382305472757330.jar"/>
    <property name="user.script" value=""/>
    <property name="sun.management.compiler" value="HotSpot 64-Bit Tiered Compilers"/>
    <property name="java.runtime.version" value="11.0.16+11-LTS-199"/>
    <property name="user.name" value="mehra"/>
    <property name="path.separator" value=";"/>
    <property name="os.version" value="10.0"/>
    <property name="java.runtime.name" value="Java(TM) SE Runtime Environment"/>
    <property name="file.encoding" value="Cp1256"/>
    <property name="java.vm.name" value="Java HotSpot(TM) 64-Bit Server VM"/>
    <property name="java.vendor.version" value="18.9"/>
    <property name="localRepository" value="C:\Users\mehra\.m2\repository"/>
    <property name="java.vendor.url.bug" value="https://bugreport.java.com/bugreport/"/>
    <property name="java.io.tmpdir" value="C:\Users\mehra\AppData\Local\Temp\"/>
    <property name="idea.version" value="2018.3.4"/>
    <property name="java.version" value="11.0.16"/>
    <property name="user.dir" value="C:\Users\mehra\IdeaProjects\guru_test_udemy_4"/>
    <property name="os.arch" value="amd64"/>
    <property name="java.vm.specification.name" value="Java Virtual Machine Specification"/>
    <property name="java.awt.printerjob" value="sun.awt.windows.WPrinterJob"/>
    <property name="sun.os.patch.level" value=""/>
    <property name="java.library.path" value="C:\Program Files\Java\jdk-11.0.16\bin;C:\WINDOWS\Sun\Java\bin;C:\WINDOWS\system32;C:\WINDOWS;C:\Program Files\Common Files\Oracle\Java\javapath;C:\oraclexe\app\oracle\product\11.2.0\server\bin;C:\WINDOWS\system32;C:\WINDOWS;C:\WINDOWS\System32\Wbem;C:\WINDOWS\System32\WindowsPowerShell\v1.0\;C:\WINDOWS\System32\OpenSSH\;C:\Program Files\PuTTY\;C:\composer;C:\Program Files\Git\cmd;C:\Users\mehra\Downloads\Compressed\jboss\jboss-as-7.1.1.Final\bin;C:\Program Files (x86)\GtkSharp\2.12\bin;C:\python\Scripts;C:\Users\mehra\python-project\mehran;C:\Program Files (x86)\Yarn\bin\;C:\Program Files (x86)\Windows Kits\8.1\Windows Performance Toolkit\;C:\xampp\mysql\bin;C:\src\flutter\bin;C:\Users\mehra\Downloads\php\php.exe;C:\Users\mehra\Downloads\php;C:\Program Files\nodejs\;C:\ProgramData\chocolatey\bin;C:\Java\jdk\bin;D:\programs\maven\apache-maven-3.5.4\bin;C:\Users\mehra\AppData\Local\Programs\Python\Python36\Scripts\;C:\Users\mehra\AppData\Local\Programs\Python\Python36\;C:\python\Scripts\;C:\python\;C:\Users\mehra\AppData\Local\Microsoft\WindowsApps;C:\Users\mehra\AppData\Local\atom\bin;C:\Users\mehra\AppData\Roaming\Composer\vendor\bin;C:\Users\mehra\AppData\Local\Yarn\bin;C:\cygwin64\bin;C:\src\flutter\bin;C:\Users\mehra\AppData\Local\Programs\Microsoft VS Code\bin;C:\Users\mehra\Downloads\php\php.exe;C:\Users\mehra\AppData\Roaming\npm;C:\Users\mehra\AppData\Local\Microsoft\WindowsApps;C:\Java\jdk\bin;;."/>
    <property name="java.vendor" value="Oracle Corporation"/>
    <property name="java.vm.info" value="mixed mode"/>
    <property name="java.vm.version" value="11.0.16+11-LTS-199"/>
    <property name="sun.io.unicode.encoding" value="UnicodeLittle"/>
    <property name="java.class.version" value="55.0"/>
  </properties>
  <testcase name="testMeOnWinWindows" classname="guru.springframework.sfgpetclinic.controllers.IndexControllerTest" time="0.015"/>
  <testcase name="testTimeout" classname="guru.springframework.sfgpetclinic.controllers.IndexControllerTest" time="0">
    <skipped message="Demo Of TimeOut"/>
  </testcase>
  <testcase name="testMeOnJava11" classname="guru.springframework.sfgpetclinic.controllers.IndexControllerTest" time="0"/>
  <testcase name="testAssumptionTrueAssumptionIsTrue" classname="guru.springframework.sfgpetclinic.controllers.IndexControllerTest" time="0.001"/>
  <testcase name="testTimeoutPrempt" classname="guru.springframework.sfgpetclinic.controllers.IndexControllerTest" time="0">
    <skipped message="Demo Of TimeOut"/>
  </testcase>
  <testcase name="index" classname="guru.springframework.sfgpetclinic.controllers.IndexControllerTest" time="0.076"/>
  <testcase name="oupsHandler" classname="guru.springframework.sfgpetclinic.controllers.IndexControllerTest" time="0.002"/>
  <testcase name="testMeUserName" classname="guru.springframework.sfgpetclinic.controllers.IndexControllerTest" time="0.001"/>
  <testcase name="testMeOnJava8" classname="guru.springframework.sfgpetclinic.controllers.IndexControllerTest" time="0">
    <skipped message="Disabled on JRE version: 11.0.16"/>
  </testcase>
  <testcase name="testMeOnMacOs" classname="guru.springframework.sfgpetclinic.controllers.IndexControllerTest" time="0">
    <skipped message="Disabled on operating system: Windows 10"/>
  </testcase>
  <testcase name="testAssumptionTrue" classname="guru.springframework.sfgpetclinic.controllers.IndexControllerTest" time="0">
    <skipped message="Assumption failed: assumption is not true" type="org.opentest4j.TestAbortedException">org.opentest4j.TestAbortedException: Assumption failed: assumption is not true
	at guru.springframework.sfgpetclinic.controllers.IndexControllerTest.testAssumptionTrue(IndexControllerTest.java:61)
</skipped>
  </testcase>
</testsuite>